Watching for file changes with StatReloader
Watching for file changes with StatReloader
Watching for file changes with StatReloader
Watching for file changes with StatReloader
Watching for file changes with StatReloader
Watching for file changes with StatReloader
Watching for file changes with StatReloader
Watching for file changes with StatReloader
Watching for file changes with StatReloader
"GET /admin/ HTTP/1.1" 302 0
"GET /admin/login/?next=/admin/ HTTP/1.1" 200 3860
"GET /static/admin/js/theme.js HTTP/1.1" 200 1653
"GET /static/admin/css/base.css HTTP/1.1" 200 22092
"GET /static/admin/css/nav_sidebar.css HTTP/1.1" 200 2810
"GET /static/admin/css/energy-reader-theme.css HTTP/1.1" 404 2026
"GET /static/admin/css/responsive.css HTTP/1.1" 200 17972
"GET /static/admin/css/dark_mode.css HTTP/1.1" 200 2804
"GET /static/admin/js/nav_sidebar.js HTTP/1.1" 200 3063
"GET /static/admin/css/login.css HTTP/1.1" 200 951
Not Found: /favicon.ico
"GET /favicon.ico HTTP/1.1" 404 3827
"POST /admin/login/?next=/admin/ HTTP/1.1" 302 0
"GET /admin/ HTTP/1.1" 200 13089
"GET /static/admin/css/energy-reader-theme.css HTTP/1.1" 404 2026
"GET /static/admin/css/dashboard.css HTTP/1.1" 200 441
"GET /static/admin/img/icon-addlink.svg HTTP/1.1" 200 331
"GET /static/admin/img/icon-changelink.svg HTTP/1.1" 200 380
"GET /static/admin/img/icon-viewlink.svg HTTP/1.1" 200 581
C:\Users\User\Desktop\energy-reader\backend\apps\accounts\serializers.py changed, reloading.
Watching for file changes with StatReloader
C:\Users\User\Desktop\energy-reader\backend\apps\accounts\serializers.py changed, reloading.
Watching for file changes with StatReloader
C:\Users\User\Desktop\energy-reader\backend\apps\analytics\views.py changed, reloading.
Watching for file changes with StatReloader
C:\Users\User\Desktop\energy-reader\backend\apps\billing\views.py changed, reloading.
Watching for file changes with StatReloader
C:\Users\User\Desktop\energy-reader\backend\apps\billing\views.py changed, reloading.
Watching for file changes with StatReloader
C:\Users\User\Desktop\energy-reader\backend\apps\billing\views.py changed, reloading.
Watching for file changes with StatReloader
C:\Users\User\Desktop\energy-reader\backend\apps\analytics\views.py changed, reloading.
Watching for file changes with StatReloader
